<?xml version="1.0" encoding="UTF-8"?>
<testsuite xmlns:xsi="http://www.w3.org/2001/XMLSchema-instance" xsi:noNamespaceSchemaLocation="https://maven.apache.org/surefire/maven-surefire-plugin/xsd/surefire-test-report-3.0.xsd" version="3.0" name="org.foi.nwtis.tskobic.zadaca_1.ServerGlavniTest" time="0.279" tests="5" errors="0" skipped="0" failures="1">
  <properties>
[...]
</properties>
  <testcase name="testUcitavanjePodataka" classname="org.foi.nwtis.tskobic.zadaca_1.ServerGlavniTest" time="0.102"/>
  <testcase name="testPripremiKorisnici" classname="org.foi.nwtis.tskobic.zadaca_1.ServerGlavniTest" time="0.003"/>
  <testcase name="testObradaZahtjeva" classname="org.foi.nwtis.tskobic.zadaca_1.ServerGlavniTest" time="0.115">
    <failure type="org.opentest4j.AssertionFailedError"><![CDATA[org.opentest4j.AssertionFailedError: expected: <true> but was: <false>
	at org.foi.nwtis.tskobic.zadaca_1.ServerGlavniTest.testObradaZahtjeva(ServerGlavniTest.java:113)
]]></failure>
    <system-out><![CDATA[Čekam korisnika.
Čekam korisnika.
METEO LZDA
Connection refused

]]></system-out>
    <system-err><![CDATA[java.lang.NullPointerException: Cannot invoke "String.length()" because "str" is null
	at java.base/java.io.Writer.write(Writer.java:249)
	at org.foi.nwtis.tskobic.zadaca_1.DretvaZahtjeva.izvrsiMeteoIcao(DretvaZahtjeva.java:80)
	at org.foi.nwtis.tskobic.zadaca_1.DretvaZahtjeva.run(DretvaZahtjeva.java:60)
]]></system-err>
  </testcase>
  <testcase name="testServerGlavni" classname="org.foi.nwtis.tskobic.zadaca_1.ServerGlavniTest" time="0.001"/>
  <testcase name="testMain" classname="org.foi.nwtis.tskobic.zadaca_1.ServerGlavniTest" time="0.002"/>
</testsuite>